<?xml version="1.1" encoding="UTF-8"?>
<testsuite name="com.thoughtworks.controller.APIAControllerTest" tests="1" failures="0" errors="0" timestamp="2013-09-05T14:46:02" hostname="bowen-huang.local" time="0.001">
  <properties/>
  <testcase name="should_go_to_index" classname="com.thoughtworks.controller.APIAControllerTest" time="0.001"/>
  <system-out><![CDATA[]]></system-out>
  <system-err><![CDATA[]]></system-err>
</testsuite>
